{"D:\\Google Drive\\gamesserver\\games\\nothanks.js": {"path":"D:\\Google Drive\\gamesserver\\games\\nothanks.js","statementMap":{"0":{"start":{"line":4,"column":8},"end":{"line":4,"column":29}},"1":{"start":{"line":5,"column":8},"end":{"line":5,"column":30}},"2":{"start":{"line":6,"column":8},"end":{"line":6,"column":37}},"3":{"start":{"line":7,"column":8},"end":{"line":7,"column":38}},"4":{"start":{"line":9,"column":8},"end":{"line":9,"column":30}},"5":{"start":{"line":10,"column":8},"end":{"line":10,"column":30}},"6":{"start":{"line":11,"column":8},"end":{"line":11,"column":30}},"7":{"start":{"line":12,"column":8},"end":{"line":12,"column":31}},"8":{"start":{"line":13,"column":8},"end":{"line":13,"column":27}},"9":{"start":{"line":14,"column":8},"end":{"line":14,"column":35}},"10":{"start":{"line":15,"column":8},"end":{"line":15,"column":30}},"11":{"start":{"line":16,"column":8},"end":{"line":16,"column":34}},"12":{"start":{"line":17,"column":8},"end":{"line":17,"column":71}},"13":{"start":{"line":18,"column":8},"end":{"line":18,"column":25}},"14":{"start":{"line":22,"column":20},"end":{"line":22,"column":259}},"15":{"start":{"line":23,"column":8},"end":{"line":23,"column":541}},"16":{"start":{"line":24,"column":8},"end":{"line":24,"column":321}},"17":{"start":{"line":25,"column":8},"end":{"line":25,"column":117}},"18":{"start":{"line":26,"column":8},"end":{"line":26,"column":21}},"19":{"start":{"line":30,"column":8},"end":{"line":37,"column":9}},"20":{"start":{"line":31,"column":12},"end":{"line":36,"column":15}},"21":{"start":{"line":39,"column":8},"end":{"line":41,"column":9}},"22":{"start":{"line":40,"column":12},"end":{"line":40,"column":32}},"23":{"start":{"line":42,"column":8},"end":{"line":44,"column":9}},"24":{"start":{"line":43,"column":12},"end":{"line":43,"column":82}},"25":{"start":{"line":46,"column":8},"end":{"line":46,"column":82}},"26":{"start":{"line":47,"column":8},"end":{"line":47,"column":25}},"27":{"start":{"line":48,"column":8},"end":{"line":48,"column":29}},"28":{"start":{"line":52,"column":8},"end":{"line":52,"column":35}},"29":{"start":{"line":52,"column":28},"end":{"line":52,"column":35}},"30":{"start":{"line":54,"column":19},"end":{"line":54,"column":36}},"31":{"start":{"line":55,"column":23},"end":{"line":55,"column":44}},"32":{"start":{"line":56,"column":34},"end":{"line":56,"column":56}},"33":{"start":{"line":58,"column":8},"end":{"line":85,"column":9}},"34":{"start":{"line":59,"column":12},"end":{"line":59,"column":80}},"35":{"start":{"line":61,"column":16},"end":{"line":61,"column":38}},"36":{"start":{"line":61,"column":29},"end":{"line":61,"column":38}},"37":{"start":{"line":62,"column":16},"end":{"line":62,"column":39}},"38":{"start":{"line":62,"column":29},"end":{"line":62,"column":39}},"39":{"start":{"line":64,"column":12},"end":{"line":64,"column":75}},"40":{"start":{"line":66,"column":12},"end":{"line":66,"column":81}},"41":{"start":{"line":67,"column":12},"end":{"line":67,"column":29}},"42":{"start":{"line":69,"column":12},"end":{"line":69,"column":70}},"43":{"start":{"line":70,"column":12},"end":{"line":70,"column":31}},"44":{"start":{"line":72,"column":27},"end":{"line":72,"column":29}},"45":{"start":{"line":73,"column":12},"end":{"line":73,"column":134}},"46":{"start":{"line":74,"column":12},"end":{"line":74,"column":28}},"47":{"start":{"line":75,"column":15},"end":{"line":85,"column":9}},"48":{"start":{"line":76,"column":12},"end":{"line":76,"column":58}},"49":{"start":{"line":77,"column":12},"end":{"line":77,"column":36}},"50":{"start":{"line":79,"column":12},"end":{"line":79,"column":70}},"51":{"start":{"line":80,"column":12},"end":{"line":80,"column":31}},"52":{"start":{"line":82,"column":27},"end":{"line":82,"column":29}},"53":{"start":{"line":83,"column":12},"end":{"line":83,"column":158}},"54":{"start":{"line":84,"column":12},"end":{"line":84,"column":28}},"55":{"start":{"line":89,"column":8},"end":{"line":95,"column":10}},"56":{"start":{"line":99,"column":23},"end":{"line":109,"column":9}},"57":{"start":{"line":110,"column":8},"end":{"line":117,"column":9}},"58":{"start":{"line":111,"column":12},"end":{"line":116,"column":13}},"59":{"start":{"line":112,"column":16},"end":{"line":112,"column":54}},"60":{"start":{"line":114,"column":16},"end":{"line":114,"column":41}},"61":{"start":{"line":115,"column":16},"end":{"line":115,"column":67}},"62":{"start":{"line":118,"column":8},"end":{"line":120,"column":9}},"63":{"start":{"line":119,"column":12},"end":{"line":119,"column":69}},"64":{"start":{"line":121,"column":8},"end":{"line":121,"column":24}},"65":{"start":{"line":125,"column":8},"end":{"line":134,"column":10}},"66":{"start":{"line":138,"column":8},"end":{"line":138,"column":30}},"67":{"start":{"line":138,"column":23},"end":{"line":138,"column":30}},"68":{"start":{"line":139,"column":8},"end":{"line":139,"column":41}},"69":{"start":{"line":140,"column":8},"end":{"line":140,"column":43}},"70":{"start":{"line":141,"column":8},"end":{"line":141,"column":57}},"71":{"start":{"line":142,"column":8},"end":{"line":142,"column":49}},"72":{"start":{"line":143,"column":8},"end":{"line":143,"column":57}},"73":{"start":{"line":144,"column":8},"end":{"line":144,"column":45}},"74":{"start":{"line":145,"column":8},"end":{"line":145,"column":41}},"75":{"start":{"line":146,"column":8},"end":{"line":146,"column":37}},"76":{"start":{"line":147,"column":8},"end":{"line":147,"column":20}},"77":{"start":{"line":151,"column":8},"end":{"line":156,"column":9}},"78":{"start":{"line":152,"column":12},"end":{"line":152,"column":105}},"79":{"start":{"line":153,"column":12},"end":{"line":153,"column":38}},"80":{"start":{"line":155,"column":12},"end":{"line":155,"column":34}},"81":{"start":{"line":157,"column":8},"end":{"line":157,"column":45}},"82":{"start":{"line":161,"column":8},"end":{"line":165,"column":9}},"83":{"start":{"line":162,"column":12},"end":{"line":162,"column":39}},"84":{"start":{"line":164,"column":12},"end":{"line":164,"column":37}},"85":{"start":{"line":169,"column":21},"end":{"line":169,"column":22}},"86":{"start":{"line":170,"column":23},"end":{"line":170,"column":24}},"87":{"start":{"line":171,"column":8},"end":{"line":176,"column":9}},"88":{"start":{"line":172,"column":12},"end":{"line":174,"column":13}},"89":{"start":{"line":173,"column":16},"end":{"line":173,"column":32}},"90":{"start":{"line":175,"column":12},"end":{"line":175,"column":28}},"91":{"start":{"line":178,"column":8},"end":{"line":178,"column":46}},"92":{"start":{"line":179,"column":8},"end":{"line":179,"column":29}},"93":{"start":{"line":183,"column":28},"end":{"line":183,"column":30}},"94":{"start":{"line":184,"column":8},"end":{"line":186,"column":9}},"95":{"start":{"line":185,"column":12},"end":{"line":185,"column":77}},"96":{"start":{"line":188,"column":12},"end":{"line":188,"column":46}},"97":{"start":{"line":188,"column":37},"end":{"line":188,"column":46}},"98":{"start":{"line":189,"column":12},"end":{"line":189,"column":47}},"99":{"start":{"line":189,"column":37},"end":{"line":189,"column":47}},"100":{"start":{"line":191,"column":8},"end":{"line":191,"column":43}},"101":{"start":{"line":192,"column":8},"end":{"line":194,"column":9}},"102":{"start":{"line":193,"column":12},"end":{"line":193,"column":65}},"103":{"start":{"line":198,"column":0},"end":{"line":198,"column":26}}},"fnMap":{"0":{"name":"(anonymous_0)","decl":{"start":{"line":3,"column":4},"end":{"line":3,"column":5}},"loc":{"start":{"line":3,"column":18},"end":{"line":19,"column":5}},"line":3},"1":{"name":"(anonymous_1)","decl":{"start":{"line":21,"column":4},"end":{"line":21,"column":5}},"loc":{"start":{"line":21,"column":15},"end":{"line":27,"column":5}},"line":21},"2":{"name":"(anonymous_2)","decl":{"start":{"line":29,"column":4},"end":{"line":29,"column":5}},"loc":{"start":{"line":29,"column":25},"end":{"line":49,"column":5}},"line":29},"3":{"name":"(anonymous_3)","decl":{"start":{"line":51,"column":4},"end":{"line":51,"column":5}},"loc":{"start":{"line":51,"column":15},"end":{"line":86,"column":5}},"line":51},"4":{"name":"compareCards","decl":{"start":{"line":60,"column":21},"end":{"line":60,"column":33}},"loc":{"start":{"line":60,"column":40},"end":{"line":63,"column":13}},"line":60},"5":{"name":"(anonymous_5)","decl":{"start":{"line":88,"column":4},"end":{"line":88,"column":5}},"loc":{"start":{"line":88,"column":24},"end":{"line":96,"column":5}},"line":88},"6":{"name":"(anonymous_6)","decl":{"start":{"line":98,"column":4},"end":{"line":98,"column":5}},"loc":{"start":{"line":98,"column":28},"end":{"line":122,"column":5}},"line":98},"7":{"name":"(anonymous_7)","decl":{"start":{"line":124,"column":4},"end":{"line":124,"column":5}},"loc":{"start":{"line":124,"column":18},"end":{"line":135,"column":5}},"line":124},"8":{"name":"(anonymous_8)","decl":{"start":{"line":137,"column":4},"end":{"line":137,"column":5}},"loc":{"start":{"line":137,"column":26},"end":{"line":148,"column":5}},"line":137},"9":{"name":"(anonymous_9)","decl":{"start":{"line":150,"column":4},"end":{"line":150,"column":5}},"loc":{"start":{"line":150,"column":16},"end":{"line":158,"column":5}},"line":150},"10":{"name":"(anonymous_10)","decl":{"start":{"line":160,"column":4},"end":{"line":160,"column":5}},"loc":{"start":{"line":160,"column":18},"end":{"line":166,"column":5}},"line":160},"11":{"name":"(anonymous_11)","decl":{"start":{"line":168,"column":4},"end":{"line":168,"column":5}},"loc":{"start":{"line":168,"column":26},"end":{"line":180,"column":5}},"line":168},"12":{"name":"(anonymous_12)","decl":{"start":{"line":182,"column":4},"end":{"line":182,"column":5}},"loc":{"start":{"line":182,"column":20},"end":{"line":195,"column":5}},"line":182},"13":{"name":"comparePlayers","decl":{"start":{"line":187,"column":17},"end":{"line":187,"column":31}},"loc":{"start":{"line":187,"column":38},"end":{"line":190,"column":9}},"line":187}},"branchMap":{"0":{"loc":{"start":{"line":52,"column":8},"end":{"line":52,"column":35}},"type":"if","locations":[{"start":{"line":52,"column":8},"end":{"line":52,"column":35}},{"start":{"line":52,"column":8},"end":{"line":52,"column":35}}],"line":52},"1":{"loc":{"start":{"line":58,"column":8},"end":{"line":85,"column":9}},"type":"if","locations":[{"start":{"line":58,"column":8},"end":{"line":85,"column":9}},{"start":{"line":58,"column":8},"end":{"line":85,"column":9}}],"line":58},"2":{"loc":{"start":{"line":61,"column":16},"end":{"line":61,"column":38}},"type":"if","locations":[{"start":{"line":61,"column":16},"end":{"line":61,"column":38}},{"start":{"line":61,"column":16},"end":{"line":61,"column":38}}],"line":61},"3":{"loc":{"start":{"line":62,"column":16},"end":{"line":62,"column":39}},"type":"if","locations":[{"start":{"line":62,"column":16},"end":{"line":62,"column":39}},{"start":{"line":62,"column":16},"end":{"line":62,"column":39}}],"line":62},"4":{"loc":{"start":{"line":75,"column":15},"end":{"line":85,"column":9}},"type":"if","locations":[{"start":{"line":75,"column":15},"end":{"line":85,"column":9}},{"start":{"line":75,"column":15},"end":{"line":85,"column":9}}],"line":75},"5":{"loc":{"start":{"line":111,"column":12},"end":{"line":116,"column":13}},"type":"if","locations":[{"start":{"line":111,"column":12},"end":{"line":116,"column":13}},{"start":{"line":111,"column":12},"end":{"line":116,"column":13}}],"line":111},"6":{"loc":{"start":{"line":118,"column":8},"end":{"line":120,"column":9}},"type":"if","locations":[{"start":{"line":118,"column":8},"end":{"line":120,"column":9}},{"start":{"line":118,"column":8},"end":{"line":120,"column":9}}],"line":118},"7":{"loc":{"start":{"line":118,"column":12},"end":{"line":118,"column":110}},"type":"binary-expr","locations":[{"start":{"line":118,"column":13},"end":{"line":118,"column":23}},{"start":{"line":118,"column":27},"end":{"line":118,"column":43}},{"start":{"line":118,"column":49},"end":{"line":118,"column":74}},{"start":{"line":118,"column":78},"end":{"line":118,"column":109}}],"line":118},"8":{"loc":{"start":{"line":138,"column":8},"end":{"line":138,"column":30}},"type":"if","locations":[{"start":{"line":138,"column":8},"end":{"line":138,"column":30}},{"start":{"line":138,"column":8},"end":{"line":138,"column":30}}],"line":138},"9":{"loc":{"start":{"line":151,"column":8},"end":{"line":156,"column":9}},"type":"if","locations":[{"start":{"line":151,"column":8},"end":{"line":156,"column":9}},{"start":{"line":151,"column":8},"end":{"line":156,"column":9}}],"line":151},"10":{"loc":{"start":{"line":161,"column":8},"end":{"line":165,"column":9}},"type":"if","locations":[{"start":{"line":161,"column":8},"end":{"line":165,"column":9}},{"start":{"line":161,"column":8},"end":{"line":165,"column":9}}],"line":161},"11":{"loc":{"start":{"line":172,"column":12},"end":{"line":174,"column":13}},"type":"if","locations":[{"start":{"line":172,"column":12},"end":{"line":174,"column":13}},{"start":{"line":172,"column":12},"end":{"line":174,"column":13}}],"line":172},"12":{"loc":{"start":{"line":188,"column":12},"end":{"line":188,"column":46}},"type":"if","locations":[{"start":{"line":188,"column":12},"end":{"line":188,"column":46}},{"start":{"line":188,"column":12},"end":{"line":188,"column":46}}],"line":188},"13":{"loc":{"start":{"line":189,"column":12},"end":{"line":189,"column":47}},"type":"if","locations":[{"start":{"line":189,"column":12},"end":{"line":189,"column":47}},{"start":{"line":189,"column":12},"end":{"line":189,"column":47}}],"line":189}},"s":{"0":1,"1":1,"2":1,"3":1,"4":1,"5":1,"6":1,"7":1,"8":1,"9":1,"10":1,"11":1,"12":1,"13":1,"14":0,"15":0,"16":0,"17":0,"18":0,"19":0,"20":0,"21":0,"22":0,"23":0,"24":0,"25":0,"26":0,"27":0,"28":0,"29":0,"30":0,"31":0,"32":0,"33":0,"34":0,"35":0,"36":0,"37":0,"38":0,"39":0,"40":0,"41":0,"42":0,"43":0,"44":0,"45":0,"46":0,"47":0,"48":0,"49":0,"50":0,"51":0,"52":0,"53":0,"54":0,"55":1,"56":0,"57":0,"58":0,"59":0,"60":0,"61":0,"62":0,"63":0,"64":0,"65":0,"66":0,"67":0,"68":0,"69":0,"70":0,"71":0,"72":0,"73":0,"74":0,"75":0,"76":0,"77":0,"78":0,"79":0,"80":0,"81":0,"82":0,"83":0,"84":0,"85":0,"86":0,"87":0,"88":0,"89":0,"90":0,"91":0,"92":0,"93":0,"94":0,"95":0,"96":0,"97":0,"98":0,"99":0,"100":0,"101":0,"102":0,"103":1},"f":{"0":1,"1":0,"2":0,"3":0,"4":0,"5":1,"6":0,"7":0,"8":0,"9":0,"10":0,"11":0,"12":0,"13":0},"b":{"0":[0,0],"1":[0,0],"2":[0,0],"3":[0,0],"4":[0,0],"5":[0,0],"6":[0,0],"7":[0,0,0,0],"8":[0,0],"9":[0,0],"10":[0,0],"11":[0,0],"12":[0,0],"13":[0,0]},"_coverageSchema":"332fd63041d2c1bcb487cc26dd0d5f7d97098a6c","hash":"876b84a8e5913f50886cd8a9eb52e5008fc5e71e"}
,"D:\\Google Drive\\gamesserver\\games\\perudo.js": {"path":"D:\\Google Drive\\gamesserver\\games\\perudo.js","statementMap":{"0":{"start":{"line":4,"column":8},"end":{"line":4,"column":37}},"1":{"start":{"line":5,"column":8},"end":{"line":5,"column":34}},"2":{"start":{"line":6,"column":8},"end":{"line":6,"column":31}},"3":{"start":{"line":8,"column":8},"end":{"line":8,"column":30}},"4":{"start":{"line":9,"column":8},"end":{"line":9,"column":31}},"5":{"start":{"line":10,"column":8},"end":{"line":10,"column":30}},"6":{"start":{"line":11,"column":8},"end":{"line":11,"column":31}},"7":{"start":{"line":12,"column":8},"end":{"line":12,"column":27}},"8":{"start":{"line":13,"column":8},"end":{"line":13,"column":35}},"9":{"start":{"line":14,"column":8},"end":{"line":14,"column":35}},"10":{"start":{"line":15,"column":8},"end":{"line":15,"column":31}},"11":{"start":{"line":16,"column":8},"end":{"line":16,"column":36}},"12":{"start":{"line":17,"column":8},"end":{"line":17,"column":36}},"13":{"start":{"line":18,"column":8},"end":{"line":18,"column":36}},"14":{"start":{"line":22,"column":20},"end":{"line":22,"column":118}},"15":{"start":{"line":23,"column":8},"end":{"line":23,"column":320}},"16":{"start":{"line":24,"column":8},"end":{"line":24,"column":183}},"17":{"start":{"line":25,"column":8},"end":{"line":25,"column":355}},"18":{"start":{"line":26,"column":8},"end":{"line":26,"column":74}},"19":{"start":{"line":27,"column":8},"end":{"line":27,"column":190}},"20":{"start":{"line":28,"column":8},"end":{"line":28,"column":261}},"21":{"start":{"line":29,"column":8},"end":{"line":29,"column":449}},"22":{"start":{"line":30,"column":8},"end":{"line":30,"column":410}},"23":{"start":{"line":31,"column":8},"end":{"line":31,"column":171}},"24":{"start":{"line":32,"column":8},"end":{"line":32,"column":21}},"25":{"start":{"line":36,"column":8},"end":{"line":42,"column":9}},"26":{"start":{"line":37,"column":12},"end":{"line":41,"column":15}},"27":{"start":{"line":44,"column":8},"end":{"line":44,"column":82}},"28":{"start":{"line":45,"column":8},"end":{"line":45,"column":26}},"29":{"start":{"line":46,"column":8},"end":{"line":46,"column":29}},"30":{"start":{"line":50,"column":8},"end":{"line":50,"column":35}},"31":{"start":{"line":50,"column":28},"end":{"line":50,"column":35}},"32":{"start":{"line":52,"column":8},"end":{"line":115,"column":9}},"33":{"start":{"line":53,"column":12},"end":{"line":53,"column":77}},"34":{"start":{"line":53,"column":70},"end":{"line":53,"column":77}},"35":{"start":{"line":55,"column":27},"end":{"line":55,"column":29}},"36":{"start":{"line":56,"column":12},"end":{"line":56,"column":187}},"37":{"start":{"line":58,"column":27},"end":{"line":58,"column":29}},"38":{"start":{"line":59,"column":34},"end":{"line":59,"column":35}},"39":{"start":{"line":60,"column":12},"end":{"line":67,"column":13}},"40":{"start":{"line":61,"column":16},"end":{"line":66,"column":17}},"41":{"start":{"line":62,"column":20},"end":{"line":62,"column":61}},"42":{"start":{"line":63,"column":20},"end":{"line":65,"column":21}},"43":{"start":{"line":64,"column":24},"end":{"line":64,"column":42}},"44":{"start":{"line":70,"column":16},"end":{"line":70,"column":38}},"45":{"start":{"line":70,"column":29},"end":{"line":70,"column":38}},"46":{"start":{"line":71,"column":16},"end":{"line":71,"column":39}},"47":{"start":{"line":71,"column":29},"end":{"line":71,"column":39}},"48":{"start":{"line":73,"column":12},"end":{"line":73,"column":42}},"49":{"start":{"line":74,"column":12},"end":{"line":74,"column":170}},"50":{"start":{"line":76,"column":12},"end":{"line":94,"column":13}},"51":{"start":{"line":77,"column":27},"end":{"line":77,"column":128}},"52":{"start":{"line":78,"column":16},"end":{"line":78,"column":123}},"53":{"start":{"line":79,"column":16},"end":{"line":79,"column":105}},"54":{"start":{"line":80,"column":16},"end":{"line":85,"column":17}},"55":{"start":{"line":81,"column":20},"end":{"line":81,"column":97}},"56":{"start":{"line":82,"column":20},"end":{"line":82,"column":153}},"57":{"start":{"line":84,"column":20},"end":{"line":84,"column":68}},"58":{"start":{"line":87,"column":27},"end":{"line":87,"column":141}},"59":{"start":{"line":88,"column":16},"end":{"line":88,"column":123}},"60":{"start":{"line":89,"column":16},"end":{"line":89,"column":105}},"61":{"start":{"line":90,"column":16},"end":{"line":93,"column":17}},"62":{"start":{"line":91,"column":20},"end":{"line":91,"column":97}},"63":{"start":{"line":92,"column":20},"end":{"line":92,"column":153}},"64":{"start":{"line":96,"column":12},"end":{"line":96,"column":30}},"65":{"start":{"line":98,"column":12},"end":{"line":98,"column":28}},"66":{"start":{"line":100,"column":12},"end":{"line":100,"column":39}},"67":{"start":{"line":101,"column":12},"end":{"line":101,"column":39}},"68":{"start":{"line":102,"column":12},"end":{"line":102,"column":53}},"69":{"start":{"line":102,"column":46},"end":{"line":102,"column":53}},"70":{"start":{"line":103,"column":12},"end":{"line":103,"column":148}},"71":{"start":{"line":103,"column":141},"end":{"line":103,"column":148}},"72":{"start":{"line":105,"column":12},"end":{"line":105,"column":50}},"73":{"start":{"line":106,"column":12},"end":{"line":106,"column":50}},"74":{"start":{"line":108,"column":27},"end":{"line":108,"column":29}},"75":{"start":{"line":109,"column":12},"end":{"line":109,"column":151}},"76":{"start":{"line":111,"column":12},"end":{"line":111,"column":60}},"77":{"start":{"line":112,"column":12},"end":{"line":112,"column":31}},"78":{"start":{"line":114,"column":12},"end":{"line":114,"column":28}},"79":{"start":{"line":119,"column":8},"end":{"line":125,"column":10}},"80":{"start":{"line":129,"column":23},"end":{"line":141,"column":9}},"81":{"start":{"line":142,"column":8},"end":{"line":149,"column":9}},"82":{"start":{"line":143,"column":12},"end":{"line":148,"column":13}},"83":{"start":{"line":144,"column":16},"end":{"line":144,"column":54}},"84":{"start":{"line":146,"column":16},"end":{"line":146,"column":41}},"85":{"start":{"line":147,"column":16},"end":{"line":147,"column":77}},"86":{"start":{"line":150,"column":8},"end":{"line":152,"column":9}},"87":{"start":{"line":151,"column":12},"end":{"line":151,"column":69}},"88":{"start":{"line":153,"column":8},"end":{"line":153,"column":24}},"89":{"start":{"line":157,"column":8},"end":{"line":168,"column":10}},"90":{"start":{"line":172,"column":8},"end":{"line":172,"column":30}},"91":{"start":{"line":172,"column":23},"end":{"line":172,"column":30}},"92":{"start":{"line":173,"column":8},"end":{"line":173,"column":41}},"93":{"start":{"line":174,"column":8},"end":{"line":174,"column":43}},"94":{"start":{"line":175,"column":8},"end":{"line":175,"column":57}},"95":{"start":{"line":176,"column":8},"end":{"line":176,"column":59}},"96":{"start":{"line":177,"column":8},"end":{"line":177,"column":51}},"97":{"start":{"line":178,"column":8},"end":{"line":178,"column":61}},"98":{"start":{"line":179,"column":8},"end":{"line":179,"column":61}},"99":{"start":{"line":180,"column":8},"end":{"line":181,"column":41}},"100":{"start":{"line":182,"column":8},"end":{"line":182,"column":37}},"101":{"start":{"line":183,"column":8},"end":{"line":183,"column":20}},"102":{"start":{"line":188,"column":12},"end":{"line":188,"column":34}},"103":{"start":{"line":188,"column":25},"end":{"line":188,"column":34}},"104":{"start":{"line":189,"column":12},"end":{"line":189,"column":35}},"105":{"start":{"line":189,"column":25},"end":{"line":189,"column":35}},"106":{"start":{"line":191,"column":8},"end":{"line":196,"column":9}},"107":{"start":{"line":192,"column":12},"end":{"line":192,"column":40}},"108":{"start":{"line":193,"column":12},"end":{"line":195,"column":13}},"109":{"start":{"line":194,"column":16},"end":{"line":194,"column":95}},"110":{"start":{"line":197,"column":8},"end":{"line":215,"column":9}},"111":{"start":{"line":198,"column":12},"end":{"line":198,"column":33}},"112":{"start":{"line":199,"column":12},"end":{"line":199,"column":40}},"113":{"start":{"line":200,"column":12},"end":{"line":200,"column":40}},"114":{"start":{"line":201,"column":12},"end":{"line":207,"column":13}},"115":{"start":{"line":202,"column":16},"end":{"line":202,"column":44}},"116":{"start":{"line":203,"column":16},"end":{"line":205,"column":17}},"117":{"start":{"line":204,"column":20},"end":{"line":204,"column":103}},"118":{"start":{"line":206,"column":16},"end":{"line":206,"column":60}},"119":{"start":{"line":209,"column":12},"end":{"line":213,"column":13}},"120":{"start":{"line":210,"column":16},"end":{"line":210,"column":64}},"121":{"start":{"line":212,"column":16},"end":{"line":212,"column":64}},"122":{"start":{"line":214,"column":12},"end":{"line":214,"column":34}},"123":{"start":{"line":219,"column":8},"end":{"line":219,"column":35}},"124":{"start":{"line":219,"column":28},"end":{"line":219,"column":35}},"125":{"start":{"line":221,"column":8},"end":{"line":225,"column":9}},"126":{"start":{"line":222,"column":12},"end":{"line":222,"column":39}},"127":{"start":{"line":224,"column":12},"end":{"line":224,"column":37}},"128":{"start":{"line":226,"column":8},"end":{"line":228,"column":9}},"129":{"start":{"line":227,"column":12},"end":{"line":227,"column":31}},"130":{"start":{"line":232,"column":33},"end":{"line":232,"column":34}},"131":{"start":{"line":233,"column":8},"end":{"line":237,"column":9}},"132":{"start":{"line":234,"column":12},"end":{"line":236,"column":13}},"133":{"start":{"line":235,"column":16},"end":{"line":235,"column":37}},"134":{"start":{"line":238,"column":8},"end":{"line":238,"column":34}},"135":{"start":{"line":242,"column":0},"end":{"line":242,"column":24}}},"fnMap":{"0":{"name":"(anonymous_0)","decl":{"start":{"line":3,"column":4},"end":{"line":3,"column":5}},"loc":{"start":{"line":3,"column":18},"end":{"line":19,"column":5}},"line":3},"1":{"name":"(anonymous_1)","decl":{"start":{"line":21,"column":4},"end":{"line":21,"column":5}},"loc":{"start":{"line":21,"column":15},"end":{"line":33,"column":5}},"line":21},"2":{"name":"(anonymous_2)","decl":{"start":{"line":35,"column":4},"end":{"line":35,"column":5}},"loc":{"start":{"line":35,"column":25},"end":{"line":47,"column":5}},"line":35},"3":{"name":"(anonymous_3)","decl":{"start":{"line":49,"column":4},"end":{"line":49,"column":5}},"loc":{"start":{"line":49,"column":15},"end":{"line":116,"column":5}},"line":49},"4":{"name":"compareFigures","decl":{"start":{"line":69,"column":21},"end":{"line":69,"column":35}},"loc":{"start":{"line":69,"column":42},"end":{"line":72,"column":13}},"line":69},"5":{"name":"(anonymous_5)","decl":{"start":{"line":118,"column":4},"end":{"line":118,"column":5}},"loc":{"start":{"line":118,"column":24},"end":{"line":126,"column":5}},"line":118},"6":{"name":"(anonymous_6)","decl":{"start":{"line":128,"column":4},"end":{"line":128,"column":5}},"loc":{"start":{"line":128,"column":28},"end":{"line":154,"column":5}},"line":128},"7":{"name":"(anonymous_7)","decl":{"start":{"line":156,"column":4},"end":{"line":156,"column":5}},"loc":{"start":{"line":156,"column":18},"end":{"line":169,"column":5}},"line":156},"8":{"name":"(anonymous_8)","decl":{"start":{"line":171,"column":4},"end":{"line":171,"column":5}},"loc":{"start":{"line":171,"column":26},"end":{"line":184,"column":5}},"line":171},"9":{"name":"(anonymous_9)","decl":{"start":{"line":186,"column":4},"end":{"line":186,"column":5}},"loc":{"start":{"line":186,"column":17},"end":{"line":216,"column":5}},"line":186},"10":{"name":"compareFigures","decl":{"start":{"line":187,"column":17},"end":{"line":187,"column":31}},"loc":{"start":{"line":187,"column":38},"end":{"line":190,"column":9}},"line":187},"11":{"name":"(anonymous_11)","decl":{"start":{"line":218,"column":4},"end":{"line":218,"column":5}},"loc":{"start":{"line":218,"column":18},"end":{"line":229,"column":5}},"line":218},"12":{"name":"(anonymous_12)","decl":{"start":{"line":231,"column":4},"end":{"line":231,"column":5}},"loc":{"start":{"line":231,"column":26},"end":{"line":239,"column":5}},"line":231}},"branchMap":{"0":{"loc":{"start":{"line":50,"column":8},"end":{"line":50,"column":35}},"type":"if","locations":[{"start":{"line":50,"column":8},"end":{"line":50,"column":35}},{"start":{"line":50,"column":8},"end":{"line":50,"column":35}}],"line":50},"1":{"loc":{"start":{"line":52,"column":8},"end":{"line":115,"column":9}},"type":"if","locations":[{"start":{"line":52,"column":8},"end":{"line":115,"column":9}},{"start":{"line":52,"column":8},"end":{"line":115,"column":9}}],"line":52},"2":{"loc":{"start":{"line":53,"column":12},"end":{"line":53,"column":77}},"type":"if","locations":[{"start":{"line":53,"column":12},"end":{"line":53,"column":77}},{"start":{"line":53,"column":12},"end":{"line":53,"column":77}}],"line":53},"3":{"loc":{"start":{"line":53,"column":16},"end":{"line":53,"column":68}},"type":"binary-expr","locations":[{"start":{"line":53,"column":16},"end":{"line":53,"column":40}},{"start":{"line":53,"column":44},"end":{"line":53,"column":68}}],"line":53},"4":{"loc":{"start":{"line":63,"column":20},"end":{"line":65,"column":21}},"type":"if","locations":[{"start":{"line":63,"column":20},"end":{"line":65,"column":21}},{"start":{"line":63,"column":20},"end":{"line":65,"column":21}}],"line":63},"5":{"loc":{"start":{"line":63,"column":24},"end":{"line":63,"column":127}},"type":"binary-expr","locations":[{"start":{"line":63,"column":24},"end":{"line":63,"column":76}},{"start":{"line":63,"column":80},"end":{"line":63,"column":127}}],"line":63},"6":{"loc":{"start":{"line":70,"column":16},"end":{"line":70,"column":38}},"type":"if","locations":[{"start":{"line":70,"column":16},"end":{"line":70,"column":38}},{"start":{"line":70,"column":16},"end":{"line":70,"column":38}}],"line":70},"7":{"loc":{"start":{"line":71,"column":16},"end":{"line":71,"column":39}},"type":"if","locations":[{"start":{"line":71,"column":16},"end":{"line":71,"column":39}},{"start":{"line":71,"column":16},"end":{"line":71,"column":39}}],"line":71},"8":{"loc":{"start":{"line":76,"column":12},"end":{"line":94,"column":13}},"type":"if","locations":[{"start":{"line":76,"column":12},"end":{"line":94,"column":13}},{"start":{"line":76,"column":12},"end":{"line":94,"column":13}}],"line":76},"9":{"loc":{"start":{"line":80,"column":16},"end":{"line":85,"column":17}},"type":"if","locations":[{"start":{"line":80,"column":16},"end":{"line":85,"column":17}},{"start":{"line":80,"column":16},"end":{"line":85,"column":17}}],"line":80},"10":{"loc":{"start":{"line":90,"column":16},"end":{"line":93,"column":17}},"type":"if","locations":[{"start":{"line":90,"column":16},"end":{"line":93,"column":17}},{"start":{"line":90,"column":16},"end":{"line":93,"column":17}}],"line":90},"11":{"loc":{"start":{"line":102,"column":12},"end":{"line":102,"column":53}},"type":"if","locations":[{"start":{"line":102,"column":12},"end":{"line":102,"column":53}},{"start":{"line":102,"column":12},"end":{"line":102,"column":53}}],"line":102},"12":{"loc":{"start":{"line":102,"column":16},"end":{"line":102,"column":44}},"type":"binary-expr","locations":[{"start":{"line":102,"column":16},"end":{"line":102,"column":28}},{"start":{"line":102,"column":32},"end":{"line":102,"column":44}}],"line":102},"13":{"loc":{"start":{"line":103,"column":12},"end":{"line":103,"column":148}},"type":"if","locations":[{"start":{"line":103,"column":12},"end":{"line":103,"column":148}},{"start":{"line":103,"column":12},"end":{"line":103,"column":148}}],"line":103},"14":{"loc":{"start":{"line":103,"column":16},"end":{"line":103,"column":139}},"type":"binary-expr","locations":[{"start":{"line":103,"column":16},"end":{"line":103,"column":53}},{"start":{"line":103,"column":58},"end":{"line":103,"column":96}},{"start":{"line":103,"column":100},"end":{"line":103,"column":138}}],"line":103},"15":{"loc":{"start":{"line":143,"column":12},"end":{"line":148,"column":13}},"type":"if","locations":[{"start":{"line":143,"column":12},"end":{"line":148,"column":13}},{"start":{"line":143,"column":12},"end":{"line":148,"column":13}}],"line":143},"16":{"loc":{"start":{"line":150,"column":8},"end":{"line":152,"column":9}},"type":"if","locations":[{"start":{"line":150,"column":8},"end":{"line":152,"column":9}},{"start":{"line":150,"column":8},"end":{"line":152,"column":9}}],"line":150},"17":{"loc":{"start":{"line":150,"column":12},"end":{"line":150,"column":110}},"type":"binary-expr","locations":[{"start":{"line":150,"column":13},"end":{"line":150,"column":23}},{"start":{"line":150,"column":27},"end":{"line":150,"column":43}},{"start":{"line":150,"column":49},"end":{"line":150,"column":74}},{"start":{"line":150,"column":78},"end":{"line":150,"column":109}}],"line":150},"18":{"loc":{"start":{"line":172,"column":8},"end":{"line":172,"column":30}},"type":"if","locations":[{"start":{"line":172,"column":8},"end":{"line":172,"column":30}},{"start":{"line":172,"column":8},"end":{"line":172,"column":30}}],"line":172},"19":{"loc":{"start":{"line":188,"column":12},"end":{"line":188,"column":34}},"type":"if","locations":[{"start":{"line":188,"column":12},"end":{"line":188,"column":34}},{"start":{"line":188,"column":12},"end":{"line":188,"column":34}}],"line":188},"20":{"loc":{"start":{"line":189,"column":12},"end":{"line":189,"column":35}},"type":"if","locations":[{"start":{"line":189,"column":12},"end":{"line":189,"column":35}},{"start":{"line":189,"column":12},"end":{"line":189,"column":35}}],"line":189},"21":{"loc":{"start":{"line":191,"column":8},"end":{"line":196,"column":9}},"type":"if","locations":[{"start":{"line":191,"column":8},"end":{"line":196,"column":9}},{"start":{"line":191,"column":8},"end":{"line":196,"column":9}}],"line":191},"22":{"loc":{"start":{"line":197,"column":8},"end":{"line":215,"column":9}},"type":"if","locations":[{"start":{"line":197,"column":8},"end":{"line":215,"column":9}},{"start":{"line":197,"column":8},"end":{"line":215,"column":9}}],"line":197},"23":{"loc":{"start":{"line":209,"column":12},"end":{"line":213,"column":13}},"type":"if","locations":[{"start":{"line":209,"column":12},"end":{"line":213,"column":13}},{"start":{"line":209,"column":12},"end":{"line":213,"column":13}}],"line":209},"24":{"loc":{"start":{"line":219,"column":8},"end":{"line":219,"column":35}},"type":"if","locations":[{"start":{"line":219,"column":8},"end":{"line":219,"column":35}},{"start":{"line":219,"column":8},"end":{"line":219,"column":35}}],"line":219},"25":{"loc":{"start":{"line":221,"column":8},"end":{"line":225,"column":9}},"type":"if","locations":[{"start":{"line":221,"column":8},"end":{"line":225,"column":9}},{"start":{"line":221,"column":8},"end":{"line":225,"column":9}}],"line":221},"26":{"loc":{"start":{"line":226,"column":8},"end":{"line":228,"column":9}},"type":"if","locations":[{"start":{"line":226,"column":8},"end":{"line":228,"column":9}},{"start":{"line":226,"column":8},"end":{"line":228,"column":9}}],"line":226},"27":{"loc":{"start":{"line":234,"column":12},"end":{"line":236,"column":13}},"type":"if","locations":[{"start":{"line":234,"column":12},"end":{"line":236,"column":13}},{"start":{"line":234,"column":12},"end":{"line":236,"column":13}}],"line":234}},"s":{"0":1,"1":1,"2":1,"3":1,"4":1,"5":1,"6":1,"7":1,"8":1,"9":1,"10":1,"11":1,"12":1,"13":1,"14":0,"15":0,"16":0,"17":0,"18":0,"19":0,"20":0,"21":0,"22":0,"23":0,"24":0,"25":0,"26":0,"27":0,"28":0,"29":0,"30":0,"31":0,"32":0,"33":0,"34":0,"35":0,"36":0,"37":0,"38":0,"39":0,"40":0,"41":0,"42":0,"43":0,"44":0,"45":0,"46":0,"47":0,"48":0,"49":0,"50":0,"51":0,"52":0,"53":0,"54":0,"55":0,"56":0,"57":0,"58":0,"59":0,"60":0,"61":0,"62":0,"63":0,"64":0,"65":0,"66":0,"67":0,"68":0,"69":0,"70":0,"71":0,"72":0,"73":0,"74":0,"75":0,"76":0,"77":0,"78":0,"79":1,"80":0,"81":0,"82":0,"83":0,"84":0,"85":0,"86":0,"87":0,"88":0,"89":0,"90":0,"91":0,"92":0,"93":0,"94":0,"95":0,"96":0,"97":0,"98":0,"99":0,"100":0,"101":0,"102":0,"103":0,"104":0,"105":0,"106":0,"107":0,"108":0,"109":0,"110":0,"111":0,"112":0,"113":0,"114":0,"115":0,"116":0,"117":0,"118":0,"119":0,"120":0,"121":0,"122":0,"123":0,"124":0,"125":0,"126":0,"127":0,"128":0,"129":0,"130":0,"131":0,"132":0,"133":0,"134":0,"135":1},"f":{"0":1,"1":0,"2":0,"3":0,"4":0,"5":1,"6":0,"7":0,"8":0,"9":0,"10":0,"11":0,"12":0},"b":{"0":[0,0],"1":[0,0],"2":[0,0],"3":[0,0],"4":[0,0],"5":[0,0],"6":[0,0],"7":[0,0],"8":[0,0],"9":[0,0],"10":[0,0],"11":[0,0],"12":[0,0],"13":[0,0],"14":[0,0,0],"15":[0,0],"16":[0,0],"17":[0,0,0,0],"18":[0,0],"19":[0,0],"20":[0,0],"21":[0,0],"22":[0,0],"23":[0,0],"24":[0,0],"25":[0,0],"26":[0,0],"27":[0,0]},"_coverageSchema":"332fd63041d2c1bcb487cc26dd0d5f7d97098a6c","hash":"fc60cfcc2ba4cc2df9ecbdb9be1cb00ddcf38c82"}
,"D:\\Google Drive\\gamesserver\\socket\\index.js": {"path":"D:\\Google Drive\\gamesserver\\socket\\index.js","statementMap":{"0":{"start":{"line":1,"column":0},"end":{"line":163,"column":1}},"1":{"start":{"line":3,"column":13},"end":{"line":3,"column":48}},"2":{"start":{"line":4,"column":18},"end":{"line":4,"column":39}},"3":{"start":{"line":5,"column":22},"end":{"line":5,"column":47}},"4":{"start":{"line":7,"column":4},"end":{"line":9,"column":6}},"5":{"start":{"line":8,"column":8},"end":{"line":8,"column":58}},"6":{"start":{"line":11,"column":4},"end":{"line":162,"column":7}},"7":{"start":{"line":12,"column":8},"end":{"line":21,"column":9}},"8":{"start":{"line":13,"column":12},"end":{"line":13,"column":53}},"9":{"start":{"line":14,"column":12},"end":{"line":20,"column":19}},"10":{"start":{"line":16,"column":20},"end":{"line":19,"column":23}},"11":{"start":{"line":17,"column":24},"end":{"line":17,"column":80}},"12":{"start":{"line":18,"column":24},"end":{"line":18,"column":44}},"13":{"start":{"line":24,"column":8},"end":{"line":26,"column":11}},"14":{"start":{"line":25,"column":12},"end":{"line":25,"column":77}},"15":{"start":{"line":28,"column":8},"end":{"line":32,"column":11}},"16":{"start":{"line":29,"column":12},"end":{"line":31,"column":13}},"17":{"start":{"line":30,"column":16},"end":{"line":30,"column":108}},"18":{"start":{"line":34,"column":8},"end":{"line":36,"column":11}},"19":{"start":{"line":35,"column":12},"end":{"line":35,"column":75}},"20":{"start":{"line":38,"column":8},"end":{"line":40,"column":11}},"21":{"start":{"line":39,"column":12},"end":{"line":39,"column":78}},"22":{"start":{"line":43,"column":8},"end":{"line":53,"column":11}},"23":{"start":{"line":44,"column":12},"end":{"line":52,"column":15}},"24":{"start":{"line":45,"column":16},"end":{"line":51,"column":19}},"25":{"start":{"line":46,"column":20},"end":{"line":46,"column":67}},"26":{"start":{"line":47,"column":20},"end":{"line":47,"column":40}},"27":{"start":{"line":48,"column":20},"end":{"line":48,"column":49}},"28":{"start":{"line":49,"column":20},"end":{"line":49,"column":59}},"29":{"start":{"line":50,"column":20},"end":{"line":50,"column":50}},"30":{"start":{"line":55,"column":8},"end":{"line":62,"column":11}},"31":{"start":{"line":56,"column":12},"end":{"line":61,"column":15}},"32":{"start":{"line":57,"column":16},"end":{"line":57,"column":63}},"33":{"start":{"line":58,"column":16},"end":{"line":58,"column":36}},"34":{"start":{"line":59,"column":16},"end":{"line":59,"column":55}},"35":{"start":{"line":60,"column":16},"end":{"line":60,"column":46}},"36":{"start":{"line":64,"column":8},"end":{"line":75,"column":11}},"37":{"start":{"line":65,"column":12},"end":{"line":74,"column":13}},"38":{"start":{"line":66,"column":16},"end":{"line":73,"column":19}},"39":{"start":{"line":67,"column":20},"end":{"line":67,"column":57}},"40":{"start":{"line":68,"column":20},"end":{"line":68,"column":40}},"41":{"start":{"line":69,"column":20},"end":{"line":69,"column":41}},"42":{"start":{"line":70,"column":20},"end":{"line":70,"column":57}},"43":{"start":{"line":71,"column":20},"end":{"line":71,"column":55}},"44":{"start":{"line":72,"column":20},"end":{"line":72,"column":50}},"45":{"start":{"line":77,"column":8},"end":{"line":85,"column":11}},"46":{"start":{"line":78,"column":12},"end":{"line":84,"column":13}},"47":{"start":{"line":79,"column":16},"end":{"line":83,"column":19}},"48":{"start":{"line":80,"column":20},"end":{"line":80,"column":40}},"49":{"start":{"line":81,"column":20},"end":{"line":81,"column":41}},"50":{"start":{"line":82,"column":20},"end":{"line":82,"column":57}},"51":{"start":{"line":88,"column":8},"end":{"line":92,"column":11}},"52":{"start":{"line":89,"column":12},"end":{"line":91,"column":13}},"53":{"start":{"line":90,"column":16},"end":{"line":90,"column":37}},"54":{"start":{"line":94,"column":8},"end":{"line":100,"column":11}},"55":{"start":{"line":95,"column":12},"end":{"line":99,"column":13}},"56":{"start":{"line":96,"column":16},"end":{"line":96,"column":36}},"57":{"start":{"line":97,"column":16},"end":{"line":97,"column":37}},"58":{"start":{"line":98,"column":16},"end":{"line":98,"column":64}},"59":{"start":{"line":102,"column":8},"end":{"line":109,"column":11}},"60":{"start":{"line":103,"column":29},"end":{"line":103,"column":79}},"61":{"start":{"line":104,"column":12},"end":{"line":108,"column":13}},"62":{"start":{"line":105,"column":16},"end":{"line":105,"column":36}},"63":{"start":{"line":106,"column":16},"end":{"line":106,"column":37}},"64":{"start":{"line":107,"column":16},"end":{"line":107,"column":53}},"65":{"start":{"line":111,"column":8},"end":{"line":114,"column":11}},"66":{"start":{"line":112,"column":12},"end":{"line":112,"column":65}},"67":{"start":{"line":113,"column":12},"end":{"line":113,"column":60}},"68":{"start":{"line":116,"column":8},"end":{"line":120,"column":11}},"69":{"start":{"line":117,"column":12},"end":{"line":117,"column":63}},"70":{"start":{"line":118,"column":12},"end":{"line":118,"column":33}},"71":{"start":{"line":119,"column":12},"end":{"line":119,"column":60}},"72":{"start":{"line":122,"column":8},"end":{"line":127,"column":11}},"73":{"start":{"line":123,"column":12},"end":{"line":125,"column":13}},"74":{"start":{"line":124,"column":16},"end":{"line":124,"column":37}},"75":{"start":{"line":126,"column":12},"end":{"line":126,"column":60}},"76":{"start":{"line":129,"column":8},"end":{"line":132,"column":11}},"77":{"start":{"line":130,"column":12},"end":{"line":130,"column":73}},"78":{"start":{"line":131,"column":12},"end":{"line":131,"column":60}},"79":{"start":{"line":138,"column":12},"end":{"line":138,"column":71}},"80":{"start":{"line":142,"column":12},"end":{"line":142,"column":73}},"81":{"start":{"line":147,"column":30},"end":{"line":147,"column":78}},"82":{"start":{"line":148,"column":12},"end":{"line":153,"column":13}},"83":{"start":{"line":149,"column":36},"end":{"line":149,"column":82}},"84":{"start":{"line":150,"column":16},"end":{"line":152,"column":17}},"85":{"start":{"line":151,"column":20},"end":{"line":151,"column":115}},"86":{"start":{"line":154,"column":31},"end":{"line":154,"column":80}},"87":{"start":{"line":155,"column":12},"end":{"line":160,"column":13}},"88":{"start":{"line":156,"column":36},"end":{"line":156,"column":83}},"89":{"start":{"line":157,"column":16},"end":{"line":159,"column":17}},"90":{"start":{"line":158,"column":20},"end":{"line":158,"column":116}}},"fnMap":{"0":{"name":"(anonymous_0)","decl":{"start":{"line":1,"column":17},"end":{"line":1,"column":18}},"loc":{"start":{"line":1,"column":34},"end":{"line":163,"column":1}},"line":1},"1":{"name":"(anonymous_1)","decl":{"start":{"line":7,"column":11},"end":{"line":7,"column":12}},"loc":{"start":{"line":7,"column":34},"end":{"line":9,"column":5}},"line":7},"2":{"name":"(anonymous_2)","decl":{"start":{"line":11,"column":24},"end":{"line":11,"column":25}},"loc":{"start":{"line":11,"column":40},"end":{"line":162,"column":5}},"line":11},"3":{"name":"(anonymous_3)","decl":{"start":{"line":15,"column":22},"end":{"line":15,"column":23}},"loc":{"start":{"line":15,"column":28},"end":{"line":20,"column":17}},"line":15},"4":{"name":"(anonymous_4)","decl":{"start":{"line":16,"column":84},"end":{"line":16,"column":85}},"loc":{"start":{"line":16,"column":90},"end":{"line":19,"column":21}},"line":16},"5":{"name":"(anonymous_5)","decl":{"start":{"line":24,"column":37},"end":{"line":24,"column":38}},"loc":{"start":{"line":24,"column":48},"end":{"line":26,"column":9}},"line":24},"6":{"name":"(anonymous_6)","decl":{"start":{"line":28,"column":37},"end":{"line":28,"column":38}},"loc":{"start":{"line":28,"column":48},"end":{"line":32,"column":9}},"line":28},"7":{"name":"(anonymous_7)","decl":{"start":{"line":34,"column":36},"end":{"line":34,"column":37}},"loc":{"start":{"line":34,"column":47},"end":{"line":36,"column":9}},"line":34},"8":{"name":"(anonymous_8)","decl":{"start":{"line":38,"column":40},"end":{"line":38,"column":41}},"loc":{"start":{"line":38,"column":51},"end":{"line":40,"column":9}},"line":38},"9":{"name":"(anonymous_9)","decl":{"start":{"line":43,"column":31},"end":{"line":43,"column":32}},"loc":{"start":{"line":43,"column":60},"end":{"line":53,"column":9}},"line":43},"10":{"name":"(anonymous_10)","decl":{"start":{"line":44,"column":63},"end":{"line":44,"column":64}},"loc":{"start":{"line":44,"column":69},"end":{"line":52,"column":13}},"line":44},"11":{"name":"(anonymous_11)","decl":{"start":{"line":45,"column":61},"end":{"line":45,"column":62}},"loc":{"start":{"line":45,"column":67},"end":{"line":51,"column":17}},"line":45},"12":{"name":"(anonymous_12)","decl":{"start":{"line":55,"column":30},"end":{"line":55,"column":31}},"loc":{"start":{"line":55,"column":59},"end":{"line":62,"column":9}},"line":55},"13":{"name":"(anonymous_13)","decl":{"start":{"line":56,"column":66},"end":{"line":56,"column":67}},"loc":{"start":{"line":56,"column":72},"end":{"line":61,"column":13}},"line":56},"14":{"name":"(anonymous_14)","decl":{"start":{"line":64,"column":28},"end":{"line":64,"column":29}},"loc":{"start":{"line":64,"column":39},"end":{"line":75,"column":9}},"line":64},"15":{"name":"(anonymous_15)","decl":{"start":{"line":66,"column":69},"end":{"line":66,"column":70}},"loc":{"start":{"line":66,"column":85},"end":{"line":73,"column":17}},"line":66},"16":{"name":"(anonymous_16)","decl":{"start":{"line":77,"column":32},"end":{"line":77,"column":33}},"loc":{"start":{"line":77,"column":43},"end":{"line":85,"column":9}},"line":77},"17":{"name":"(anonymous_17)","decl":{"start":{"line":79,"column":69},"end":{"line":79,"column":70}},"loc":{"start":{"line":79,"column":85},"end":{"line":83,"column":17}},"line":79},"18":{"name":"(anonymous_18)","decl":{"start":{"line":88,"column":29},"end":{"line":88,"column":30}},"loc":{"start":{"line":88,"column":48},"end":{"line":92,"column":9}},"line":88},"19":{"name":"(anonymous_19)","decl":{"start":{"line":94,"column":30},"end":{"line":94,"column":31}},"loc":{"start":{"line":94,"column":51},"end":{"line":100,"column":9}},"line":94},"20":{"name":"(anonymous_20)","decl":{"start":{"line":102,"column":31},"end":{"line":102,"column":32}},"loc":{"start":{"line":102,"column":41},"end":{"line":109,"column":9}},"line":102},"21":{"name":"(anonymous_21)","decl":{"start":{"line":111,"column":33},"end":{"line":111,"column":34}},"loc":{"start":{"line":111,"column":44},"end":{"line":114,"column":9}},"line":111},"22":{"name":"(anonymous_22)","decl":{"start":{"line":116,"column":31},"end":{"line":116,"column":32}},"loc":{"start":{"line":116,"column":42},"end":{"line":120,"column":9}},"line":116},"23":{"name":"(anonymous_23)","decl":{"start":{"line":122,"column":26},"end":{"line":122,"column":27}},"loc":{"start":{"line":122,"column":41},"end":{"line":127,"column":9}},"line":122},"24":{"name":"(anonymous_24)","decl":{"start":{"line":129,"column":29},"end":{"line":129,"column":30}},"loc":{"start":{"line":129,"column":47},"end":{"line":132,"column":9}},"line":129},"25":{"name":"updateUsersOnline","decl":{"start":{"line":137,"column":17},"end":{"line":137,"column":34}},"loc":{"start":{"line":137,"column":37},"end":{"line":139,"column":9}},"line":137},"26":{"name":"updateAllGamesInfo","decl":{"start":{"line":141,"column":17},"end":{"line":141,"column":35}},"loc":{"start":{"line":141,"column":38},"end":{"line":143,"column":9}},"line":141},"27":{"name":"updateOpenGameInfo","decl":{"start":{"line":146,"column":17},"end":{"line":146,"column":35}},"loc":{"start":{"line":146,"column":58},"end":{"line":161,"column":9}},"line":146}},"branchMap":{"0":{"loc":{"start":{"line":12,"column":8},"end":{"line":21,"column":9}},"type":"if","locations":[{"start":{"line":12,"column":8},"end":{"line":21,"column":9}},{"start":{"line":12,"column":8},"end":{"line":21,"column":9}}],"line":12},"1":{"loc":{"start":{"line":29,"column":12},"end":{"line":31,"column":13}},"type":"if","locations":[{"start":{"line":29,"column":12},"end":{"line":31,"column":13}},{"start":{"line":29,"column":12},"end":{"line":31,"column":13}}],"line":29},"2":{"loc":{"start":{"line":65,"column":12},"end":{"line":74,"column":13}},"type":"if","locations":[{"start":{"line":65,"column":12},"end":{"line":74,"column":13}},{"start":{"line":65,"column":12},"end":{"line":74,"column":13}}],"line":65},"3":{"loc":{"start":{"line":78,"column":12},"end":{"line":84,"column":13}},"type":"if","locations":[{"start":{"line":78,"column":12},"end":{"line":84,"column":13}},{"start":{"line":78,"column":12},"end":{"line":84,"column":13}}],"line":78},"4":{"loc":{"start":{"line":89,"column":12},"end":{"line":91,"column":13}},"type":"if","locations":[{"start":{"line":89,"column":12},"end":{"line":91,"column":13}},{"start":{"line":89,"column":12},"end":{"line":91,"column":13}}],"line":89},"5":{"loc":{"start":{"line":95,"column":12},"end":{"line":99,"column":13}},"type":"if","locations":[{"start":{"line":95,"column":12},"end":{"line":99,"column":13}},{"start":{"line":95,"column":12},"end":{"line":99,"column":13}}],"line":95},"6":{"loc":{"start":{"line":104,"column":12},"end":{"line":108,"column":13}},"type":"if","locations":[{"start":{"line":104,"column":12},"end":{"line":108,"column":13}},{"start":{"line":104,"column":12},"end":{"line":108,"column":13}}],"line":104},"7":{"loc":{"start":{"line":104,"column":16},"end":{"line":104,"column":48}},"type":"binary-expr","locations":[{"start":{"line":104,"column":16},"end":{"line":104,"column":26}},{"start":{"line":104,"column":31},"end":{"line":104,"column":47}}],"line":104},"8":{"loc":{"start":{"line":123,"column":12},"end":{"line":125,"column":13}},"type":"if","locations":[{"start":{"line":123,"column":12},"end":{"line":125,"column":13}},{"start":{"line":123,"column":12},"end":{"line":125,"column":13}}],"line":123},"9":{"loc":{"start":{"line":150,"column":16},"end":{"line":152,"column":17}},"type":"if","locations":[{"start":{"line":150,"column":16},"end":{"line":152,"column":17}},{"start":{"line":150,"column":16},"end":{"line":152,"column":17}}],"line":150},"10":{"loc":{"start":{"line":157,"column":16},"end":{"line":159,"column":17}},"type":"if","locations":[{"start":{"line":157,"column":16},"end":{"line":159,"column":17}},{"start":{"line":157,"column":16},"end":{"line":159,"column":17}}],"line":157}},"s":{"0":1,"1":0,"2":0,"3":0,"4":0,"5":0,"6":0,"7":0,"8":0,"9":0,"10":0,"11":0,"12":0,"13":0,"14":0,"15":0,"16":0,"17":0,"18":0,"19":0,"20":0,"21":0,"22":0,"23":0,"24":0,"25":0,"26":0,"27":0,"28":0,"29":0,"30":0,"31":0,"32":0,"33":0,"34":0,"35":0,"36":0,"37":0,"38":0,"39":0,"40":0,"41":0,"42":0,"43":0,"44":0,"45":0,"46":0,"47":0,"48":0,"49":0,"50":0,"51":0,"52":0,"53":0,"54":0,"55":0,"56":0,"57":0,"58":0,"59":0,"60":0,"61":0,"62":0,"63":0,"64":0,"65":0,"66":0,"67":0,"68":0,"69":0,"70":0,"71":0,"72":0,"73":0,"74":0,"75":0,"76":0,"77":0,"78":0,"79":0,"80":0,"81":0,"82":0,"83":0,"84":0,"85":0,"86":0,"87":0,"88":0,"89":0,"90":0},"f":{"0":0,"1":0,"2":0,"3":0,"4":0,"5":0,"6":0,"7":0,"8":0,"9":0,"10":0,"11":0,"12":0,"13":0,"14":0,"15":0,"16":0,"17":0,"18":0,"19":0,"20":0,"21":0,"22":0,"23":0,"24":0,"25":0,"26":0,"27":0},"b":{"0":[0,0],"1":[0,0],"2":[0,0],"3":[0,0],"4":[0,0],"5":[0,0],"6":[0,0],"7":[0,0],"8":[0,0],"9":[0,0],"10":[0,0]},"_coverageSchema":"332fd63041d2c1bcb487cc26dd0d5f7d97098a6c","hash":"bffd59fa544f7a1523ab68944d16a322fe15a289"}
}
